{"meta": {"format": 3, "version": "7.13.5", "timestamp": "2026-05-02T22:33:53.953645", "branch_coverage": false, "show_contexts": false}, "files": {"src/checker.py": {"executed_lines": [1, 4, 5, 6, 7, 8, 10, 11, 12, 13, 14, 15, 16, 17, 19, 20, 21, 22, 23, 24, 25, 27, 28, 29, 30, 31, 32, 33, 35, 36, 45, 47, 49, 61, 64, 65, 68, 69, 70, 71, 72, 73, 75, 82, 84, 96, 98, 106, 109, 117, 120, 128, 131, 139, 141, 152, 154, 156, 163, 165, 166, 167, 168, 169, 170, 171, 173, 174, 175, 176, 177, 178, 180, 181, 182, 183, 184, 185, 186, 187, 189, 191, 192, 193, 194, 195, 196, 197, 198, 199, 200, 201, 202, 203, 206, 207, 208, 210, 211, 213, 214, 217, 223, 225, 226, 227, 228, 242, 244, 246, 249, 254, 255, 256, 257, 260, 279, 280, 284, 285, 286], "summary": {"covered_lines": 121, "num_statements": 122, "percent_covered": 99.18032786885246, "percent_covered_display": "99", "missing_lines": 1, "excluded_lines": 0, "percent_statements_covered": 99.18032786885246, "percent_statements_covered_display": "99"}, "missing_lines": [172], "excluded_lines": [], "functions": {"DBChecker.__init__": {"executed_lines": [6, 7, 8], "summary": {"covered_lines": 3, "num_statements": 3, "percent_covered": 100.0, "percent_covered_display": "100", "missing_lines": 0, "excluded_lines": 0, "percent_statements_covered": 100.0, "percent_statements_covered_display": "100"}, "missing_lines": [], "excluded_lines": [], "start_line": 5}, "DBChecker._get_schema_filter": {"executed_lines": [11, 12, 13, 14, 15, 16, 17], "summary": {"covered_lines": 7, "num_statements": 7, "percent_covered": 100.0, "percent_covered_display": "100", "missing_lines": 0, "excluded_lines": 0, "percent_statements_covered": 100.0, "percent_statements_covered_display": "100"}, "missing_lines": [], "excluded_lines": [], "start_line": 10}, "DBChecker.check_connectivity": {"executed_lines": [20, 21, 22, 23, 24, 25, 27, 28, 29, 30, 31, 32, 33], "summary": {"covered_lines": 13, "num_statements": 13, "percent_covered": 100.0, "percent_covered_display": "100", "missing_lines": 0, "excluded_lines": 0, "percent_statements_covered": 100.0, "percent_statements_covered_display": "100"}, "missing_lines": [], "excluded_lines": [], "start_line": 19}, "DBChecker.get_pg_parameters": {"executed_lines": [36, 45], "summary": {"covered_lines": 2, "num_statements": 2, "percent_covered": 100.0, "percent_covered_display": "100", "missing_lines": 0, "excluded_lines": 0, "percent_statements_covered": 100.0, "percent_statements_covered_display": "100"}, "missing_lines": [], "excluded_lines": [], "start_line": 35}, "DBChecker.check_problematic_objects": {"executed_lines": [49, 61, 64, 65, 68, 69, 70, 71, 72, 73, 75, 82, 84, 96, 98, 106, 109, 117, 120, 128, 131, 139, 141], "summary": {"covered_lines": 23, "num_statements": 23, "percent_covered": 100.0, "percent_covered_display": "100", "missing_lines": 0, "excluded_lines": 0, "percent_statements_covered": 100.0, "percent_statements_covered_display": "100"}, "missing_lines": [], "excluded_lines": [], "start_line": 47}, "DBChecker.check_replication_params": {"executed_lines": [154, 156, 163, 165, 166, 167, 168, 169, 170, 171, 173, 174, 175, 176, 177, 178, 180, 181, 182, 183, 184, 185, 186, 187, 189, 191, 192, 193, 194, 195, 196, 197, 198, 199, 200, 201, 202, 203, 206, 207, 208, 210, 211, 213, 214, 217, 223], "summary": {"covered_lines": 47, "num_statements": 48, "percent_covered": 97.91666666666667, "percent_covered_display": "98", "missing_lines": 1, "excluded_lines": 0, "percent_statements_covered": 97.91666666666667, "percent_statements_covered_display": "98"}, "missing_lines": [172], "excluded_lines": [], "start_line": 152}, "DBChecker.get_object_counts": {"executed_lines": [226, 227, 228, 242], "summary": {"covered_lines": 4, "num_statements": 4, "percent_covered": 100.0, "percent_covered_display": "100", "missing_lines": 0, "excluded_lines": 0, "percent_statements_covered": 100.0, "percent_statements_covered_display": "100"}, "missing_lines": [], "excluded_lines": [], "start_line": 225}, "DBChecker.get_database_size_analysis": {"executed_lines": [246, 249, 254, 255, 256, 257, 260, 279, 280, 284, 285, 286], "summary": {"covered_lines": 12, "num_statements": 12, "percent_covered": 100.0, "percent_covered_display": "100", "missing_lines": 0, "excluded_lines": 0, "percent_statements_covered": 100.0, "percent_statements_covered_display": "100"}, "missing_lines": [], "excluded_lines": [], "start_line": 244}, "": {"executed_lines": [1, 4, 5, 10, 19, 35, 47, 152, 225, 244], "summary": {"covered_lines": 10, "num_statements": 10, "percent_covered": 100.0, "percent_covered_display": "100", "missing_lines": 0, "excluded_lines": 0, "percent_statements_covered": 100.0, "percent_statements_covered_display": "100"}, "missing_lines": [], "excluded_lines": [], "start_line": 1}}, "classes": {"DBChecker": {"executed_lines": [6, 7, 8, 11, 12, 13, 14, 15, 16, 17, 20, 21, 22, 23, 24, 25, 27, 28, 29, 30, 31, 32, 33, 36, 45, 49, 61, 64, 65, 68, 69, 70, 71, 72, 73, 75, 82, 84, 96, 98, 106, 109, 117, 120, 128, 131, 139, 141, 154, 156, 163, 165, 166, 167, 168, 169, 170, 171, 173, 174, 175, 176, 177, 178, 180, 181, 182, 183, 184, 185, 186, 187, 189, 191, 192, 193, 194, 195, 196, 197, 198, 199, 200, 201, 202, 203, 206, 207, 208, 210, 211, 213, 214, 217, 223, 226, 227, 228, 242, 246, 249, 254, 255, 256, 257, 260, 279, 280, 284, 285, 286], "summary": {"covered_lines": 111, "num_statements": 112, "percent_covered": 99.10714285714286, "percent_covered_display": "99", "missing_lines": 1, "excluded_lines": 0, "percent_statements_covered": 99.10714285714286, "percent_statements_covered_display": "99"}, "missing_lines": [172], "excluded_lines": [], "start_line": 4}, "": {"executed_lines": [1, 4, 5, 10, 19, 35, 47, 152, 225, 244], "summary": {"covered_lines": 10, "num_statements": 10, "percent_covered": 100.0, "percent_covered_display": "100", "missing_lines": 0, "excluded_lines": 0, "percent_statements_covered": 100.0, "percent_statements_covered_display": "100"}, "missing_lines": [], "excluded_lines": [], "start_line": 1}}}, "src/cli/__init__.py": {"executed_lines": [], "summary": {"covered_lines": 0, "num_statements": 0, "percent_covered": 100.0, "percent_covered_display": "100", "missing_lines": 0, "excluded_lines": 0, "percent_statements_covered": 100.0, "percent_statements_covered_display": "100"}, "missing_lines": [], "excluded_lines": [], "functions": {"": {"executed_lines": [], "summary": {"covered_lines": 0, "num_statements": 0, "percent_covered": 100.0, "percent_covered_display": "100", "missing_lines": 0, "excluded_lines": 0, "percent_statements_covered": 100.0, "percent_statements_covered_display": "100"}, "missing_lines": [], "excluded_lines": [], "start_line": 1}}, "classes": {"": {"executed_lines": [], "summary": {"covered_lines": 0, "num_statements": 0, "percent_covered": 100.0, "percent_covered_display": "100", "missing_lines": 0, "excluded_lines": 0, "percent_statements_covered": 100.0, "percent_statements_covered_display": "100"}, "missing_lines": [], "excluded_lines": [], "start_line": 1}}}, "src/cli/commands.py": {"executed_lines": [1, 2, 3, 4, 5, 6, 17, 19, 20, 21, 22, 23, 24, 27, 30, 34, 36, 37, 38, 39, 40, 41, 54, 55, 56, 57, 58, 59, 60, 61, 62, 63, 64, 65, 66, 69, 70, 71, 72, 73, 77, 79, 80, 88, 89, 90, 92, 94, 98, 100, 101, 102, 103, 104, 105, 106, 107, 108, 110, 111, 112, 113, 117, 119, 120, 121, 122, 123, 124, 125, 126, 127, 129, 130, 131, 135, 150, 152, 153, 154, 155, 156, 158, 159, 160, 161, 162, 163, 167, 169, 170, 171, 172, 173, 174, 175, 176, 177, 178, 179, 183, 185, 186, 188, 189, 190, 192, 195, 196, 197, 198, 200, 201, 203, 204, 206, 209, 212, 215, 218, 222, 226, 227, 228, 229, 231, 232, 233, 234, 236, 237, 243, 245, 248, 250, 254, 256, 257, 258, 259, 260, 261, 262, 263, 264, 265, 266, 270, 272, 273, 274, 275, 276, 277, 278, 279, 280, 281, 282, 286, 288, 289, 290, 291, 292, 294, 297, 298, 300, 301, 304, 305, 307, 308, 309, 311, 314, 316, 320, 322, 323, 324, 325, 327, 328, 329, 330, 331, 332, 336, 338, 339, 340, 341, 342, 343, 344, 345, 346, 347, 348, 351, 353, 354, 355, 356, 357, 358, 359, 360, 361, 362, 363, 367, 369, 370, 371, 372, 373, 374, 376, 377, 378, 379, 380, 381, 385, 387, 388, 389, 390, 391, 392, 393, 394, 395, 396, 400, 402, 403, 404, 405, 406, 408, 410, 411, 412, 413, 414, 418, 420, 421, 422, 423, 424, 425, 427, 428, 429, 430, 431, 432, 436, 438, 439, 440, 443, 444, 445, 446, 447, 452, 454, 455, 456, 457, 459, 460, 463, 465, 466, 467, 468, 469, 470, 471, 474, 476, 477, 478, 479, 482, 484, 486, 487], "summary": {"covered_lines": 295, "num_statements": 307, "percent_covered": 96.09120521172639, "percent_covered_display": "96", "missing_lines": 12, "excluded_lines": 0, "percent_statements_covered": 96.09120521172639, "percent_statements_covered_display": "96"}, "missing_lines": [137, 138, 139, 140, 141, 142, 143, 144, 145, 146, 441, 442], "excluded_lines": [], "functions": {"cmd_check": {"executed_lines": [19, 20, 21, 22, 23, 24, 27, 30], "summary": {"covered_lines": 8, "num_statements": 8, "percent_covered": 100.0, "percent_covered_display": "100", "missing_lines": 0, "excluded_lines": 0, "percent_statements_covered": 100.0, "percent_statements_covered_display": "100"}, "missing_lines": [], "excluded_lines": [], "start_line": 17}, "cmd_diagnose": {"executed_lines": [36, 37, 38, 39, 40, 41, 54, 55, 56, 57, 58, 59, 60, 61, 62, 63, 64, 65, 66, 69, 70, 71, 72, 73, 77, 79, 80, 88, 89, 90, 92, 94], "summary": {"covered_lines": 32, "num_statements": 32, "percent_covered": 100.0, "percent_covered_display": "100", "missing_lines": 0, "excluded_lines": 0, "percent_statements_covered": 100.0, "percent_statements_covered_display": "100"}, "missing_lines": [], "excluded_lines": [], "start_line": 34}, "cmd_params": {"executed_lines": [100, 101, 102, 103, 104, 105, 106, 107, 108, 110, 111, 112, 113], "summary": {"covered_lines": 13, "num_statements": 13, "percent_covered": 100.0, "percent_covered_display": "100", "missing_lines": 0, "excluded_lines": 0, "percent_statements_covered": 100.0, "percent_statements_covered_display": "100"}, "missing_lines": [], "excluded_lines": [], "start_line": 98}, "cmd_migrate_schema_pre_data": {"executed_lines": [119, 120, 121, 122, 123, 124, 125, 126, 127, 129, 130, 131], "summary": {"covered_lines": 12, "num_statements": 12, "percent_covered": 100.0, "percent_covered_display": "100", "missing_lines": 0, "excluded_lines": 0, "percent_statements_covered": 100.0, "percent_statements_covered_display": "100"}, "missing_lines": [], "excluded_lines": [], "start_line": 117}, "cmd_migrate_schema_post_data": {"executed_lines": [316], "summary": {"covered_lines": 1, "num_statements": 1, "percent_covered": 100.0, "percent_covered_display": "100", "missing_lines": 0, "excluded_lines": 0, "percent_statements_covered": 100.0, "percent_statements_covered_display": "100"}, "missing_lines": [], "excluded_lines": [], "start_line": 314}, "cmd_setup_pub": {"executed_lines": [152, 153, 154, 155, 156, 158, 159, 160, 161, 162, 163], "summary": {"covered_lines": 11, "num_statements": 11, "percent_covered": 100.0, "percent_covered_display": "100", "missing_lines": 0, "excluded_lines": 0, "percent_statements_covered": 100.0, "percent_statements_covered_display": "100"}, "missing_lines": [], "excluded_lines": [], "start_line": 150}, "cmd_setup_sub": {"executed_lines": [169, 170, 171, 172, 173, 174, 175, 176, 177, 178, 179], "summary": {"covered_lines": 11, "num_statements": 11, "percent_covered": 100.0, "percent_covered_display": "100", "missing_lines": 0, "excluded_lines": 0, "percent_statements_covered": 100.0, "percent_statements_covered_display": "100"}, "missing_lines": [], "excluded_lines": [], "start_line": 167}, "cmd_progress": {"executed_lines": [185, 186, 188, 189, 190, 192, 195, 196, 197, 198, 200, 201, 203, 204, 206, 209, 212, 215, 218, 222, 226, 227, 228, 229, 231, 232, 233, 234, 236, 237, 243, 245], "summary": {"covered_lines": 32, "num_statements": 32, "percent_covered": 100.0, "percent_covered_display": "100", "missing_lines": 0, "excluded_lines": 0, "percent_statements_covered": 100.0, "percent_statements_covered_display": "100"}, "missing_lines": [], "excluded_lines": [], "start_line": 183}, "cmd_repl_progress": {"executed_lines": [250], "summary": {"covered_lines": 1, "num_statements": 1, "percent_covered": 100.0, "percent_covered_display": "100", "missing_lines": 0, "excluded_lines": 0, "percent_statements_covered": 100.0, "percent_statements_covered_display": "100"}, "missing_lines": [], "excluded_lines": [], "start_line": 248}, "cmd_refresh_matviews": {"executed_lines": [256, 257, 258, 259, 260, 261, 262, 263, 264, 265, 266], "summary": {"covered_lines": 11, "num_statements": 11, "percent_covered": 100.0, "percent_covered_display": "100", "missing_lines": 0, "excluded_lines": 0, "percent_statements_covered": 100.0, "percent_statements_covered_display": "100"}, "missing_lines": [], "excluded_lines": [], "start_line": 254}, "cmd_sync_sequences": {"executed_lines": [272, 273, 274, 275, 276, 277, 278, 279, 280, 281, 282], "summary": {"covered_lines": 11, "num_statements": 11, "percent_covered": 100.0, "percent_covered_display": "100", "missing_lines": 0, "excluded_lines": 0, "percent_statements_covered": 100.0, "percent_statements_covered_display": "100"}, "missing_lines": [], "excluded_lines": [], "start_line": 270}, "cmd_terminate_replication": {"executed_lines": [288, 289, 290, 291, 292, 294, 297, 298, 300, 301, 304, 305, 307, 308, 309, 311], "summary": {"covered_lines": 16, "num_statements": 16, "percent_covered": 100.0, "percent_covered_display": "100", "missing_lines": 0, "excluded_lines": 0, "percent_statements_covered": 100.0, "percent_statements_covered_display": "100"}, "missing_lines": [], "excluded_lines": [], "start_line": 286}, "cmd_sync_lobs": {"executed_lines": [322, 323, 324, 325, 327, 328, 329, 330, 331, 332], "summary": {"covered_lines": 10, "num_statements": 10, "percent_covered": 100.0, "percent_covered_display": "100", "missing_lines": 0, "excluded_lines": 0, "percent_statements_covered": 100.0, "percent_statements_covered_display": "100"}, "missing_lines": [], "excluded_lines": [], "start_line": 320}, "cmd_enable_triggers": {"executed_lines": [338, 339, 340, 341, 342, 343, 344, 345, 346, 347, 348], "summary": {"covered_lines": 11, "num_statements": 11, "percent_covered": 100.0, "percent_covered_display": "100", "missing_lines": 0, "excluded_lines": 0, "percent_statements_covered": 100.0, "percent_statements_covered_display": "100"}, "missing_lines": [], "excluded_lines": [], "start_line": 336}, "cmd_disable_triggers": {"executed_lines": [353, 354, 355, 356, 357, 358, 359, 360, 361, 362, 363], "summary": {"covered_lines": 11, "num_statements": 11, "percent_covered": 100.0, "percent_covered_display": "100", "missing_lines": 0, "excluded_lines": 0, "percent_statements_covered": 100.0, "percent_statements_covered_display": "100"}, "missing_lines": [], "excluded_lines": [], "start_line": 351}, "cmd_reassign_owner": {"executed_lines": [369, 370, 371, 372, 373, 374, 376, 377, 378, 379, 380, 381], "summary": {"covered_lines": 12, "num_statements": 12, "percent_covered": 100.0, "percent_covered_display": "100", "missing_lines": 0, "excluded_lines": 0, "percent_statements_covered": 100.0, "percent_statements_covered_display": "100"}, "missing_lines": [], "excluded_lines": [], "start_line": 367}, "cmd_audit_objects": {"executed_lines": [387, 388, 389, 390, 391, 392, 393, 394, 395, 396], "summary": {"covered_lines": 10, "num_statements": 10, "percent_covered": 100.0, "percent_covered_display": "100", "missing_lines": 0, "excluded_lines": 0, "percent_statements_covered": 100.0, "percent_statements_covered_display": "100"}, "missing_lines": [], "excluded_lines": [], "start_line": 385}, "cmd_validate_rows": {"executed_lines": [402, 403, 404, 405, 406, 408, 410, 411, 412, 413, 414], "summary": {"covered_lines": 11, "num_statements": 11, "percent_covered": 100.0, "percent_covered_display": "100", "missing_lines": 0, "excluded_lines": 0, "percent_statements_covered": 100.0, "percent_statements_covered_display": "100"}, "missing_lines": [], "excluded_lines": [], "start_line": 400}, "cmd_cleanup": {"executed_lines": [420, 421, 422, 423, 424, 425, 427, 428, 429, 430, 431, 432], "summary": {"covered_lines": 12, "num_statements": 12, "percent_covered": 100.0, "percent_covered_display": "100", "missing_lines": 0, "excluded_lines": 0, "percent_statements_covered": 100.0, "percent_statements_covered_display": "100"}, "missing_lines": [], "excluded_lines": [], "start_line": 418}, "cmd_setup_reverse": {"executed_lines": [438, 439, 440, 443, 444, 445, 446, 447], "summary": {"covered_lines": 8, "num_statements": 10, "percent_covered": 80.0, "percent_covered_display": "80", "missing_lines": 2, "excluded_lines": 0, "percent_statements_covered": 80.0, "percent_statements_covered_display": "80"}, "missing_lines": [441, 442], "excluded_lines": [], "start_line": 436}, "cmd_wait_sync": {"executed_lines": [454, 455, 456, 457, 459, 460], "summary": {"covered_lines": 6, "num_statements": 6, "percent_covered": 100.0, "percent_covered_display": "100", "missing_lines": 0, "excluded_lines": 0, "percent_statements_covered": 100.0, "percent_statements_covered_display": "100"}, "missing_lines": [], "excluded_lines": [], "start_line": 452}, "cmd_cleanup_reverse": {"executed_lines": [465, 466, 467, 468, 469, 470, 471], "summary": {"covered_lines": 7, "num_statements": 7, "percent_covered": 100.0, "percent_covered_display": "100", "missing_lines": 0, "excluded_lines": 0, "percent_statements_covered": 100.0, "percent_statements_covered_display": "100"}, "missing_lines": [], "excluded_lines": [], "start_line": 463}, "cmd_tui": {"executed_lines": [476, 477, 478, 479], "summary": {"covered_lines": 4, "num_statements": 4, "percent_covered": 100.0, "percent_covered_display": "100", "missing_lines": 0, "excluded_lines": 0, "percent_statements_covered": 100.0, "percent_statements_covered_display": "100"}, "missing_lines": [], "excluded_lines": [], "start_line": 474}, "cmd_generate_config": {"executed_lines": [484, 486, 487], "summary": {"covered_lines": 3, "num_statements": 3, "percent_covered": 100.0, "percent_covered_display": "100", "missing_lines": 0, "excluded_lines": 0, "percent_statements_covered": 100.0, "percent_statements_covered_display": "100"}, "missing_lines": [], "excluded_lines": [], "start_line": 482}, "": {"executed_lines": [1, 2, 3, 4, 5, 6, 17, 34, 98, 117, 135, 150, 167, 183, 248, 254, 270, 286, 314, 320, 336, 351, 367, 385, 400, 418, 436, 452, 463, 474, 482], "summary": {"covered_lines": 31, "num_statements": 31, "percent_covered": 100.0, "percent_covered_display": "100", "missing_lines": 0, "excluded_lines": 0, "percent_statements_covered": 100.0, "percent_statements_covered_display": "100"}, "missing_lines": [], "excluded_lines": [], "start_line": 1}}, "classes": {"": {"executed_lines": [1, 2, 3, 4, 5, 6, 17, 19, 20, 21, 22, 23, 24, 27, 30, 34, 36, 37, 38, 39, 40, 41, 54, 55, 56, 57, 58, 59, 60, 61, 62, 63, 64, 65, 66, 69, 70, 71, 72, 73, 77, 79, 80, 88, 89, 90, 92, 94, 98, 100, 101, 102, 103, 104, 105, 106, 107, 108, 110, 111, 112, 113, 117, 119, 120, 121, 122, 123, 124, 125, 126, 127, 129, 130, 131, 135, 150, 152, 153, 154, 155, 156, 158, 159, 160, 161, 162, 163, 167, 169, 170, 171, 172, 173, 174, 175, 176, 177, 178, 179, 183, 185, 186, 188, 189, 190, 192, 195, 196, 197, 198, 200, 201, 203, 204, 206, 209, 212, 215, 218, 222, 226, 227, 228, 229, 231, 232, 233, 234, 236, 237, 243, 245, 248, 250, 254, 256, 257, 258, 259, 260, 261, 262, 263, 264, 265, 266, 270, 272, 273, 274, 275, 276, 277, 278, 279, 280, 281, 282, 286, 288, 289, 290, 291, 292, 294, 297, 298, 300, 301, 304, 305, 307, 308, 309, 311, 314, 316, 320, 322, 323, 324, 325, 327, 328, 329, 330, 331, 332, 336, 338, 339, 340, 341, 342, 343, 344, 345, 346, 347, 348, 351, 353, 354, 355, 356, 357, 358, 359, 360, 361, 362, 363, 367, 369, 370, 371, 372, 373, 374, 376, 377, 378, 379, 380, 381, 385, 387, 388, 389, 390, 391, 392, 393, 394, 395, 396, 400, 402, 403, 404, 405, 406, 408, 410, 411, 412, 413, 414, 418, 420, 421, 422, 423, 424, 425, 427, 428, 429, 430, 431, 432, 436, 438, 439, 440, 443, 444, 445, 446, 447, 452, 454, 455, 456, 457, 459, 460, 463, 465, 466, 467, 468, 469, 470, 471, 474, 476, 477, 478, 479, 482, 484, 486, 487], "summary": {"covered_lines": 295, "num_statements": 307, "percent_covered": 96.09120521172639, "percent_covered_display": "96", "missing_lines": 12, "excluded_lines": 0, "percent_statements_covered": 96.09120521172639, "percent_statements_covered_display": "96"}, "missing_lines": [137, 138, 139, 140, 141, 142, 143, 144, 145, 146, 441, 442], "excluded_lines": [], "start_line": 1}}}, "src/cli/helpers.py": {"executed_lines": [1, 2, 3, 4, 5, 7, 8, 11, 13, 15, 16, 17, 18, 20, 21, 23, 31, 33, 34, 35, 37, 38, 39, 42, 44, 45, 46, 49, 51, 52, 55, 57, 58, 59, 60, 62, 63, 64, 65, 66, 67, 68, 71, 73, 74, 75, 76, 77, 78, 79, 80, 81, 82, 83, 84, 85, 87, 88, 89, 90, 93, 95, 117, 118, 119], "summary": {"covered_lines": 65, "num_statements": 65, "percent_covered": 100.0, "percent_covered_display": "100", "missing_lines": 0, "excluded_lines": 0, "percent_statements_covered": 100.0, "percent_statements_covered_display": "100"}, "missing_lines": [], "excluded_lines": [], "functions": {"setup_logging": {"executed_lines": [13, 15, 16, 17, 18, 20, 21, 23], "summary": {"covered_lines": 8, "num_statements": 8, "percent_covered": 100.0, "percent_covered_display": "100", "missing_lines": 0, "excluded_lines": 0, "percent_statements_covered": 100.0, "percent_statements_covered_display": "100"}, "missing_lines": [], "excluded_lines": [], "start_line": 11}, "setup_results_dir": {"executed_lines": [33, 34, 35, 37, 38, 39], "summary": {"covered_lines": 6, "num_statements": 6, "percent_covered": 100.0, "percent_covered_display": "100", "missing_lines": 0, "excluded_lines": 0, "percent_statements_covered": 100.0, "percent_statements_covered_display": "100"}, "missing_lines": [], "excluded_lines": [], "start_line": 31}, "build_clients": {"executed_lines": [44, 45, 46], "summary": {"covered_lines": 3, "num_statements": 3, "percent_covered": 100.0, "percent_covered_display": "100", "missing_lines": 0, "excluded_lines": 0, "percent_statements_covered": 100.0, "percent_statements_covered_display": "100"}, "missing_lines": [], "excluded_lines": [], "start_line": 42}, "print_status": {"executed_lines": [51, 52], "summary": {"covered_lines": 2, "num_statements": 2, "percent_covered": 100.0, "percent_covered_display": "100", "missing_lines": 0, "excluded_lines": 0, "percent_statements_covered": 100.0, "percent_statements_covered_display": "100"}, "missing_lines": [], "excluded_lines": [], "start_line": 49}, "print_table": {"executed_lines": [57, 58, 59, 60, 62, 63, 64, 65, 66, 67, 68], "summary": {"covered_lines": 11, "num_statements": 11, "percent_covered": 100.0, "percent_covered_display": "100", "missing_lines": 0, "excluded_lines": 0, "percent_statements_covered": 100.0, "percent_statements_covered_display": "100"}, "missing_lines": [], "excluded_lines": [], "start_line": 55}, "print_verbose_execution": {"executed_lines": [73, 74, 75, 76, 77, 78, 79, 80, 81, 82, 83, 84, 85, 87, 88, 89, 90], "summary": {"covered_lines": 17, "num_statements": 17, "percent_covered": 100.0, "percent_covered_display": "100", "missing_lines": 0, "excluded_lines": 0, "percent_statements_covered": 100.0, "percent_statements_covered_display": "100"}, "missing_lines": [], "excluded_lines": [], "start_line": 71}, "generate_sample_config": {"executed_lines": [95, 117, 118, 119], "summary": {"covered_lines": 4, "num_statements": 4, "percent_covered": 100.0, "percent_covered_display": "100", "missing_lines": 0, "excluded_lines": 0, "percent_statements_covered": 100.0, "percent_statements_covered_display": "100"}, "missing_lines": [], "excluded_lines": [], "start_line": 93}, "": {"executed_lines": [1, 2, 3, 4, 5, 7, 8, 11, 31, 42, 49, 55, 71, 93], "summary": {"covered_lines": 14, "num_statements": 14, "percent_covered": 100.0, "percent_covered_display": "100", "missing_lines": 0, "excluded_lines": 0, "percent_statements_covered": 100.0, "percent_statements_covered_display": "100"}, "missing_lines": [], "excluded_lines": [], "start_line": 1}}, "classes": {"": {"executed_lines": [1, 2, 3, 4, 5, 7, 8, 11, 13, 15, 16, 17, 18, 20, 21, 23, 31, 33, 34, 35, 37, 38, 39, 42, 44, 45, 46, 49, 51, 52, 55, 57, 58, 59, 60, 62, 63, 64, 65, 66, 67, 68, 71, 73, 74, 75, 76, 77, 78, 79, 80, 81, 82, 83, 84, 85, 87, 88, 89, 90, 93, 95, 117, 118, 119], "summary": {"covered_lines": 65, "num_statements": 65, "percent_covered": 100.0, "percent_covered_display": "100", "missing_lines": 0, "excluded_lines": 0, "percent_statements_covered": 100.0, "percent_statements_covered_display": "100"}, "missing_lines": [], "excluded_lines": [], "start_line": 1}}}, "src/cli/pipelines.py": {"executed_lines": [1, 2, 3, 4, 5, 6, 7, 8, 9, 11, 12, 13, 17, 18, 19, 20, 21, 22, 29, 31, 32, 33, 35, 36, 37, 38, 39, 40, 41, 43, 45, 46, 47, 48, 49, 50, 51, 52, 53, 55, 56, 67, 68, 69, 70, 72, 73, 75, 76, 77, 78, 80, 81, 82, 86, 87, 88, 100, 101, 102, 103, 104, 105, 106, 107, 108, 109, 110, 111, 113, 114, 115, 116, 120, 121, 122, 125, 126, 133, 134, 135, 146, 147, 148, 160, 165, 166, 167, 168, 169, 170, 171, 172, 174, 175, 176, 183, 185, 186, 187, 191, 194, 195, 197, 204, 207, 208, 209, 216, 219, 220, 221, 228, 231, 232, 233, 235, 240, 245, 246, 247, 249, 250, 251, 254, 255, 257, 260, 261, 263, 270, 271, 272, 276, 277, 279, 282, 283, 284, 286, 287, 288, 289, 290, 291, 292, 294, 295, 296, 300, 302, 303, 304, 306, 307, 308, 309, 310, 311, 312, 314, 315, 316, 317, 318, 319, 320, 321, 323, 324, 335, 336, 337, 338, 340, 341, 343, 344, 345, 346, 348, 349, 350, 354, 356, 358, 361, 362, 363, 366, 367, 368, 371, 373, 374, 375, 379, 380, 381, 385, 386, 387, 390, 391, 392, 395, 396, 397, 398, 400, 402, 404, 409, 410, 411, 413, 414, 415, 417, 418, 420, 423, 424, 426, 433, 434, 435, 437, 438, 440, 443, 444, 445, 447, 448, 449, 450, 451, 452, 453, 455, 456, 457], "summary": {"covered_lines": 243, "num_statements": 249, "percent_covered": 97.59036144578313, "percent_covered_display": "98", "missing_lines": 6, "excluded_lines": 0, "percent_statements_covered": 97.59036144578313, "percent_statements_covered_display": "98"}, "missing_lines": [23, 24, 184, 242, 376, 382], "excluded_lines": [], "functions": {"cmd_init_replication": {"executed_lines": [31, 32, 33, 35, 36, 37, 38, 39, 40, 41, 43, 45, 46, 47, 48, 49, 50, 51, 52, 53, 55, 56, 67, 68, 69, 70, 72, 73, 75, 76, 77, 78, 80, 81, 82, 86, 87, 88, 100, 101, 102, 103, 104, 105, 106, 107, 108, 109, 110, 111, 113, 114, 115, 116, 120, 121, 122, 125, 126, 133, 134, 135, 146, 147, 148, 160, 165, 166, 167, 168, 169, 170, 171, 172, 174, 175, 176, 183, 185, 186, 187, 191, 194, 195, 197, 204, 207, 208, 209, 216, 219, 220, 221, 228, 231, 232, 233, 235, 240, 245, 246, 247, 249, 250, 251, 254, 255, 257, 260, 261, 263, 270, 271, 272, 276, 277, 279, 282, 283, 284, 286, 287, 288, 289, 290, 291, 292, 294, 295, 296], "summary": {"covered_lines": 130, "num_statements": 132, "percent_covered": 98.48484848484848, "percent_covered_display": "98", "missing_lines": 2, "excluded_lines": 0, "percent_statements_covered": 98.48484848484848, "percent_statements_covered_display": "98"}, "missing_lines": [184, 242], "excluded_lines": [], "start_line": 29}, "cmd_post_migration": {"executed_lines": [302, 303, 304, 306, 307, 308, 309, 310, 311, 312, 314, 315, 316, 317, 318, 319, 320, 321, 323, 324, 335, 336, 337, 338, 340, 341, 343, 344, 345, 346, 348, 349, 350, 354, 356, 358, 361, 362, 363, 366, 367, 368, 371, 373, 374, 375, 379, 380, 381, 385, 386, 387, 390, 391, 392, 395, 396, 397, 398, 400, 402, 404, 409, 410, 411, 413, 414, 415, 417, 418, 420, 423, 424, 426, 433, 434, 435, 437, 438, 440, 443, 444, 445, 447, 448, 449, 450, 451, 452, 453, 455, 456, 457], "summary": {"covered_lines": 93, "num_statements": 95, "percent_covered": 97.89473684210526, "percent_covered_display": "98", "missing_lines": 2, "excluded_lines": 0, "percent_statements_covered": 97.89473684210526, "percent_statements_covered_display": "98"}, "missing_lines": [376, 382], "excluded_lines": [], "start_line": 300}, "": {"executed_lines": [1, 2, 3, 4, 5, 6, 7, 8, 9, 11, 12, 13, 17, 18, 19, 20, 21, 22, 29, 300], "summary": {"covered_lines": 20, "num_statements": 22, "percent_covered": 90.9090909090909, "percent_covered_display": "91", "missing_lines": 2, "excluded_lines": 0, "percent_statements_covered": 90.9090909090909, "percent_statements_covered_display": "91"}, "missing_lines": [23, 24], "excluded_lines": [], "start_line": 1}}, "classes": {"": {"executed_lines": [1, 2, 3, 4, 5, 6, 7, 8, 9, 11, 12, 13, 17, 18, 19, 20, 21, 22, 29, 31, 32, 33, 35, 36, 37, 38, 39, 40, 41, 43, 45, 46, 47, 48, 49, 50, 51, 52, 53, 55, 56, 67, 68, 69, 70, 72, 73, 75, 76, 77, 78, 80, 81, 82, 86, 87, 88, 100, 101, 102, 103, 104, 105, 106, 107, 108, 109, 110, 111, 113, 114, 115, 116, 120, 121, 122, 125, 126, 133, 134, 135, 146, 147, 148, 160, 165, 166, 167, 168, 169, 170, 171, 172, 174, 175, 176, 183, 185, 186, 187, 191, 194, 195, 197, 204, 207, 208, 209, 216, 219, 220, 221, 228, 231, 232, 233, 235, 240, 245, 246, 247, 249, 250, 251, 254, 255, 257, 260, 261, 263, 270, 271, 272, 276, 277, 279, 282, 283, 284, 286, 287, 288, 289, 290, 291, 292, 294, 295, 296, 300, 302, 303, 304, 306, 307, 308, 309, 310, 311, 312, 314, 315, 316, 317, 318, 319, 320, 321, 323, 324, 335, 336, 337, 338, 340, 341, 343, 344, 345, 346, 348, 349, 350, 354, 356, 358, 361, 362, 363, 366, 367, 368, 371, 373, 374, 375, 379, 380, 381, 385, 386, 387, 390, 391, 392, 395, 396, 397, 398, 400, 402, 404, 409, 410, 411, 413, 414, 415, 417, 418, 420, 423, 424, 426, 433, 434, 435, 437, 438, 440, 443, 444, 445, 447, 448, 449, 450, 451, 452, 453, 455, 456, 457], "summary": {"covered_lines": 243, "num_statements": 249, "percent_covered": 97.59036144578313, "percent_covered_display": "98", "missing_lines": 6, "excluded_lines": 0, "percent_statements_covered": 97.59036144578313, "percent_statements_covered_display": "98"}, "missing_lines": [23, 24, 184, 242, 376, 382], "excluded_lines": [], "start_line": 1}}}, "src/config.py": {"executed_lines": [1, 2, 5, 6, 7, 8, 9, 10, 11, 13, 16, 19, 20, 22, 24, 25, 27, 28, 30, 31, 32, 34, 35, 37, 38, 39, 41, 43, 44, 45, 49, 51, 53, 55, 56, 58], "summary": {"covered_lines": 36, "num_statements": 39, "percent_covered": 92.3076923076923, "percent_covered_display": "92", "missing_lines": 3, "excluded_lines": 0, "percent_statements_covered": 92.3076923076923, "percent_statements_covered_display": "92"}, "missing_lines": [14, 17, 47], "excluded_lines": [], "functions": {"Config.__init__": {"executed_lines": [7, 8, 9, 10, 11], "summary": {"covered_lines": 5, "num_statements": 5, "percent_covered": 100.0, "percent_covered_display": "100", "missing_lines": 0, "excluded_lines": 0, "percent_statements_covered": 100.0, "percent_statements_covered_display": "100"}, "missing_lines": [], "excluded_lines": [], "start_line": 6}, "Config.get_source_dict": {"executed_lines": [], "summary": {"covered_lines": 0, "num_statements": 1, "percent_covered": 0.0, "percent_covered_display": "0", "missing_lines": 1, "excluded_lines": 0, "percent_statements_covered": 0.0, "percent_statements_covered_display": "0"}, "missing_lines": [14], "excluded_lines": [], "start_line": 13}, "Config.get_dest_dict": {"executed_lines": [], "summary": {"covered_lines": 0, "num_statements": 1, "percent_covered": 0.0, "percent_covered_display": "0", "missing_lines": 1, "excluded_lines": 0, "percent_statements_covered": 0.0, "percent_statements_covered_display": "0"}, "missing_lines": [17], "excluded_lines": [], "start_line": 16}, "Config._get_conn_string": {"executed_lines": [20, 22], "summary": {"covered_lines": 2, "num_statements": 2, "percent_covered": 100.0, "percent_covered_display": "100", "missing_lines": 0, "excluded_lines": 0, "percent_statements_covered": 100.0, "percent_statements_covered_display": "100"}, "missing_lines": [], "excluded_lines": [], "start_line": 19}, "Config.get_source_conn": {"executed_lines": [25], "summary": {"covered_lines": 1, "num_statements": 1, "percent_covered": 100.0, "percent_covered_display": "100", "missing_lines": 0, "excluded_lines": 0, "percent_statements_covered": 100.0, "percent_statements_covered_display": "100"}, "missing_lines": [], "excluded_lines": [], "start_line": 24}, "Config.get_dest_conn": {"executed_lines": [28], "summary": {"covered_lines": 1, "num_statements": 1, "percent_covered": 100.0, "percent_covered_display": "100", "missing_lines": 0, "excluded_lines": 0, "percent_statements_covered": 100.0, "percent_statements_covered_display": "100"}, "missing_lines": [], "excluded_lines": [], "start_line": 27}, "Config.get_replication": {"executed_lines": [31, 32, 34, 35, 37, 38, 39, 41, 43, 44, 45, 49], "summary": {"covered_lines": 12, "num_statements": 13, "percent_covered": 92.3076923076923, "percent_covered_display": "92", "missing_lines": 1, "excluded_lines": 0, "percent_statements_covered": 92.3076923076923, "percent_statements_covered_display": "92"}, "missing_lines": [47], "excluded_lines": [], "start_line": 30}, "Config.get_target_schemas": {"executed_lines": [53, 55, 56, 58], "summary": {"covered_lines": 4, "num_statements": 4, "percent_covered": 100.0, "percent_covered_display": "100", "missing_lines": 0, "excluded_lines": 0, "percent_statements_covered": 100.0, "percent_statements_covered_display": "100"}, "missing_lines": [], "excluded_lines": [], "start_line": 51}, "": {"executed_lines": [1, 2, 5, 6, 13, 16, 19, 24, 27, 30, 51], "summary": {"covered_lines": 11, "num_statements": 11, "percent_covered": 100.0, "percent_covered_display": "100", "missing_lines": 0, "excluded_lines": 0, "percent_statements_covered": 100.0, "percent_statements_covered_display": "100"}, "missing_lines": [], "excluded_lines": [], "start_line": 1}}, "classes": {"Config": {"executed_lines": [7, 8, 9, 10, 11, 20, 22, 25, 28, 31, 32, 34, 35, 37, 38, 39, 41, 43, 44, 45, 49, 53, 55, 56, 58], "summary": {"covered_lines": 25, "num_statements": 28, "percent_covered": 89.28571428571429, "percent_covered_display": "89", "missing_lines": 3, "excluded_lines": 0, "percent_statements_covered": 89.28571428571429, "percent_statements_covered_display": "89"}, "missing_lines": [14, 17, 47], "excluded_lines": [], "start_line": 5}, "": {"executed_lines": [1, 2, 5, 6, 13, 16, 19, 24, 27, 30, 51], "summary": {"covered_lines": 11, "num_statements": 11, "percent_covered": 100.0, "percent_covered_display": "100", "missing_lines": 0, "excluded_lines": 0, "percent_statements_covered": 100.0, "percent_statements_covered_display": "100"}, "missing_lines": [], "excluded_lines": [], "start_line": 1}}}, "src/db.py": {"executed_lines": [1, 2, 3, 6, 9, 11, 12, 13, 14, 15, 16, 17, 19, 22, 23, 24, 25, 27, 28, 29, 30, 34, 35, 37, 39, 40, 41, 42, 43, 44, 45, 46, 47, 48, 50, 51, 53, 54, 55, 57, 58, 59, 60, 61, 62, 63, 64, 66, 67, 68, 71, 73, 74, 75, 76, 77, 78, 79, 82, 83, 84, 85, 86, 87, 88, 89, 90, 96, 98, 99, 100, 101, 102], "summary": {"covered_lines": 73, "num_statements": 73, "percent_covered": 100.0, "percent_covered_display": "100", "missing_lines": 0, "excluded_lines": 0, "percent_statements_covered": 100.0, "percent_statements_covered_display": "100"}, "missing_lines": [], "excluded_lines": [], "functions": {"_verbose_print": {"executed_lines": [11, 12, 13, 14, 15, 16, 17, 19], "summary": {"covered_lines": 8, "num_statements": 8, "percent_covered": 100.0, "percent_covered_display": "100", "missing_lines": 0, "excluded_lines": 0, "percent_statements_covered": 100.0, "percent_statements_covered_display": "100"}, "missing_lines": [], "excluded_lines": [], "start_line": 9}, "PostgresClient.__init__": {"executed_lines": [24, 25], "summary": {"covered_lines": 2, "num_statements": 2, "percent_covered": 100.0, "percent_covered_display": "100", "missing_lines": 0, "excluded_lines": 0, "percent_statements_covered": 100.0, "percent_statements_covered_display": "100"}, "missing_lines": [], "excluded_lines": [], "start_line": 23}, "PostgresClient.get_conn": {"executed_lines": [29, 30, 34, 35, 37], "summary": {"covered_lines": 5, "num_statements": 5, "percent_covered": 100.0, "percent_covered_display": "100", "missing_lines": 0, "excluded_lines": 0, "percent_statements_covered": 100.0, "percent_statements_covered_display": "100"}, "missing_lines": [], "excluded_lines": [], "start_line": 28}, "PostgresClient.execute_query": {"executed_lines": [40, 41, 42, 43, 44, 45, 46, 47, 48, 50, 51, 53, 54, 55], "summary": {"covered_lines": 14, "num_statements": 14, "percent_covered": 100.0, "percent_covered_display": "100", "missing_lines": 0, "excluded_lines": 0, "percent_statements_covered": 100.0, "percent_statements_covered_display": "100"}, "missing_lines": [], "excluded_lines": [], "start_line": 39}, "PostgresClient.execute_script": {"executed_lines": [58, 59, 60, 61, 62, 63, 64, 66, 67, 68], "summary": {"covered_lines": 10, "num_statements": 10, "percent_covered": 100.0, "percent_covered_display": "100", "missing_lines": 0, "excluded_lines": 0, "percent_statements_covered": 100.0, "percent_statements_covered_display": "100"}, "missing_lines": [], "excluded_lines": [], "start_line": 57}, "pretty_size": {"executed_lines": [73, 74, 75, 76, 77, 78, 79], "summary": {"covered_lines": 7, "num_statements": 7, "percent_covered": 100.0, "percent_covered_display": "100", "missing_lines": 0, "excluded_lines": 0, "percent_statements_covered": 100.0, "percent_statements_covered_display": "100"}, "missing_lines": [], "excluded_lines": [], "start_line": 71}, "execute_shell_command": {"executed_lines": [83, 84, 85, 86, 87, 88, 89, 90, 96, 98, 99, 100, 101, 102], "summary": {"covered_lines": 14, "num_statements": 14, "percent_covered": 100.0, "percent_covered_display": "100", "missing_lines": 0, "excluded_lines": 0, "percent_statements_covered": 100.0, "percent_statements_covered_display": "100"}, "missing_lines": [], "excluded_lines": [], "start_line": 82}, "": {"executed_lines": [1, 2, 3, 6, 9, 22, 23, 27, 28, 39, 57, 71, 82], "summary": {"covered_lines": 13, "num_statements": 13, "percent_covered": 100.0, "percent_covered_display": "100", "missing_lines": 0, "excluded_lines": 0, "percent_statements_covered": 100.0, "percent_statements_covered_display": "100"}, "missing_lines": [], "excluded_lines": [], "start_line": 1}}, "classes": {"PostgresClient": {"executed_lines": [24, 25, 29, 30, 34, 35, 37, 40, 41, 42, 43, 44, 45, 46, 47, 48, 50, 51, 53, 54, 55, 58, 59, 60, 61, 62, 63, 64, 66, 67, 68], "summary": {"covered_lines": 31, "num_statements": 31, "percent_covered": 100.0, "percent_covered_display": "100", "missing_lines": 0, "excluded_lines": 0, "percent_statements_covered": 100.0, "percent_statements_covered_display": "100"}, "missing_lines": [], "excluded_lines": [], "start_line": 22}, "": {"executed_lines": [1, 2, 3, 6, 9, 11, 12, 13, 14, 15, 16, 17, 19, 22, 23, 27, 28, 39, 57, 71, 73, 74, 75, 76, 77, 78, 79, 82, 83, 84, 85, 86, 87, 88, 89, 90, 96, 98, 99, 100, 101, 102], "summary": {"covered_lines": 42, "num_statements": 42, "percent_covered": 100.0, "percent_covered_display": "100", "missing_lines": 0, "excluded_lines": 0, "percent_statements_covered": 100.0, "percent_statements_covered_display": "100"}, "missing_lines": [], "excluded_lines": [], "start_line": 1}}}, "src/main.py": {"executed_lines": [1, 2, 3, 5, 8, 9, 10, 11, 12, 15, 16, 17, 21, 23, 24, 27], "summary": {"covered_lines": 16, "num_statements": 17, "percent_covered": 94.11764705882354, "percent_covered_display": "94", "missing_lines": 1, "excluded_lines": 0, "percent_statements_covered": 94.11764705882354, "percent_statements_covered_display": "94"}, "missing_lines": [28], "excluded_lines": [], "functions": {"setup_results_dir": {"executed_lines": [9, 10, 11, 12], "summary": {"covered_lines": 4, "num_statements": 4, "percent_covered": 100.0, "percent_covered_display": "100", "missing_lines": 0, "excluded_lines": 0, "percent_statements_covered": 100.0, "percent_statements_covered_display": "100"}, "missing_lines": [], "excluded_lines": [], "start_line": 8}, "main": {"executed_lines": [16, 17, 21, 23, 24], "summary": {"covered_lines": 5, "num_statements": 5, "percent_covered": 100.0, "percent_covered_display": "100", "missing_lines": 0, "excluded_lines": 0, "percent_statements_covered": 100.0, "percent_statements_covered_display": "100"}, "missing_lines": [], "excluded_lines": [], "start_line": 15}, "": {"executed_lines": [1, 2, 3, 5, 8, 15, 27], "summary": {"covered_lines": 7, "num_statements": 8, "percent_covered": 87.5, "percent_covered_display": "88", "missing_lines": 1, "excluded_lines": 0, "percent_statements_covered": 87.5, "percent_statements_covered_display": "88"}, "missing_lines": [28], "excluded_lines": [], "start_line": 1}}, "classes": {"": {"executed_lines": [1, 2, 3, 5, 8, 9, 10, 11, 12, 15, 16, 17, 21, 23, 24, 27], "summary": {"covered_lines": 16, "num_statements": 17, "percent_covered": 94.11764705882354, "percent_covered_display": "94", "missing_lines": 1, "excluded_lines": 0, "percent_statements_covered": 94.11764705882354, "percent_statements_covered_display": "94"}, "missing_lines": [28], "excluded_lines": [], "start_line": 1}}}, "src/migrator.py": {"executed_lines": [1, 3, 4, 5, 8, 9, 10, 11, 12, 13, 15, 17, 18, 19, 20, 21, 22, 24, 25, 26, 27, 28, 30, 31, 36, 37, 38, 39, 41, 42, 44, 45, 47, 49, 55, 56, 59, 60, 61, 63, 65, 66, 68, 71, 76, 77, 78, 79, 80, 82, 83, 87, 88, 89, 91, 93, 95, 96, 98, 99, 102, 103, 104, 105, 107, 108, 117, 118, 120, 121, 122, 125, 126, 127, 128, 130, 132, 134, 137, 139, 140, 142, 143, 144, 152, 155, 157, 158, 159, 160, 161, 162, 164, 165, 166, 167, 168, 170, 171, 172, 173, 175, 177, 179, 182, 184, 185, 187, 188, 189, 190, 191, 193, 196, 198, 199, 200, 203, 204, 205, 206, 207, 209, 222, 223, 225, 226, 227, 228, 229, 230, 231, 232, 233, 234, 237, 239, 240, 241, 243, 244, 246, 247, 248, 250, 251, 252, 254, 255, 256, 257, 258, 259, 260, 261, 262, 264, 266, 267, 268, 270, 271, 272, 276, 277, 278, 280, 282, 285, 286, 287, 288, 289, 290, 292, 293, 294, 297, 299, 300, 302, 303, 304, 305, 306, 308, 309, 311, 312, 313, 314, 315, 316, 317, 318, 319, 320, 321, 324, 325, 327, 328, 329, 334, 336, 337, 339, 341, 343, 346, 348, 349, 351, 353, 358, 366, 367, 368, 369, 371, 373, 375, 378, 388, 398, 399, 400, 401, 403, 404, 406, 407, 408, 409, 410, 412, 413, 414, 415, 416, 418, 419, 421, 423, 425, 436, 438, 451, 452, 453, 455, 457, 458, 461, 464, 467, 468, 470, 473, 475, 476, 479, 480, 481, 483, 485, 486, 489, 490, 491, 495, 499, 500, 503, 504, 505, 507, 509, 510, 512, 519, 521, 522, 525, 536, 537, 540, 541, 543, 546, 552, 553, 556, 561, 564, 565, 566, 568, 569, 572, 573, 575, 576, 578, 580, 585, 586, 589, 590, 592, 593, 595, 599, 600, 601, 602, 605, 606, 611, 612, 617, 619, 622, 623, 624, 626, 627, 628, 631, 632, 634, 635, 636, 638, 640, 641, 642, 644, 645, 646, 647, 649, 651, 652, 655, 666, 667, 670, 671, 673, 674, 676, 680, 681, 682, 683, 684, 685, 687, 690, 691, 692, 693, 694, 695, 697, 699, 700, 701, 702, 703, 704, 706, 708, 709, 710, 712, 713, 716, 718, 719, 720, 721, 723, 729, 731, 732, 734, 735, 738, 739, 740, 741, 742, 747, 762, 763, 764, 765, 767, 768, 769, 770, 771, 774, 781, 782, 787, 789, 795, 799, 801, 802, 805, 806, 808, 809, 810, 812, 813, 815, 816, 817, 819, 822, 824, 826, 828, 829, 832, 834, 836, 837, 838, 840, 841, 842, 843, 846, 847, 850, 856, 858, 859, 860, 861, 862, 863, 864, 866, 868, 870, 872, 873, 875, 876, 877], "summary": {"covered_lines": 457, "num_statements": 477, "percent_covered": 95.80712788259959, "percent_covered_display": "96", "missing_lines": 20, "excluded_lines": 0, "percent_statements_covered": 95.80712788259959, "percent_statements_covered_display": "96"}, "missing_lines": [50, 51, 110, 112, 115, 145, 146, 147, 148, 150, 342, 547, 548, 550, 613, 614, 643, 717, 783, 785], "excluded_lines": [], "functions": {"Migrator.__init__": {"executed_lines": [10, 11, 12, 13], "summary": {"covered_lines": 4, "num_statements": 4, "percent_covered": 100.0, "percent_covered_display": "100", "missing_lines": 0, "excluded_lines": 0, "percent_statements_covered": 100.0, "percent_statements_covered_display": "100"}, "missing_lines": [], "excluded_lines": [], "start_line": 9}, "Migrator.step4a_migrate_schema_pre_data": {"executed_lines": [17, 18, 19, 20, 21, 22, 24, 25, 26, 27, 28, 30, 31, 36, 37, 38, 39, 41, 42, 44, 45, 47, 49, 55, 56, 59, 60, 61, 63, 65, 66, 68, 71, 76, 77, 78, 79, 80, 82, 83, 87, 88, 89, 91, 93, 95, 96, 98, 99, 102, 103, 104, 105, 107, 108, 117, 118, 120, 121, 122, 125, 126, 127, 128, 130, 132, 134, 137, 139, 140, 142, 143, 144, 152], "summary": {"covered_lines": 74, "num_statements": 84, "percent_covered": 88.0952380952381, "percent_covered_display": "88", "missing_lines": 10, "excluded_lines": 0, "percent_statements_covered": 88.0952380952381, "percent_statements_covered_display": "88"}, "missing_lines": [50, 51, 110, 112, 115, 145, 146, 147, 148, 150], "excluded_lines": [], "start_line": 15}, "Migrator.step4b_migrate_schema_post_data": {"executed_lines": [157, 158, 159, 160, 161, 162, 164, 165, 166, 167, 168, 170, 171, 172, 173, 175, 177, 179, 182, 184, 185, 187, 188, 189, 190, 191, 193], "summary": {"covered_lines": 27, "num_statements": 27, "percent_covered": 100.0, "percent_covered_display": "100", "missing_lines": 0, "excluded_lines": 0, "percent_statements_covered": 100.0, "percent_statements_covered_display": "100"}, "missing_lines": [], "excluded_lines": [], "start_line": 155}, "Migrator.step5_setup_source": {"executed_lines": [198, 199, 200, 203, 204, 205, 206, 207, 209, 222, 223, 225, 226, 227, 228, 229, 230, 231, 232, 233, 234, 237, 239, 240, 241, 243, 244, 246, 247, 248, 250, 251, 252, 254, 255, 256, 257, 258, 259, 260, 261, 262], "summary": {"covered_lines": 42, "num_statements": 42, "percent_covered": 100.0, "percent_covered_display": "100", "missing_lines": 0, "excluded_lines": 0, "percent_statements_covered": 100.0, "percent_statements_covered_display": "100"}, "missing_lines": [], "excluded_lines": [], "start_line": 196}, "Migrator.step6_setup_destination": {"executed_lines": [266, 267, 268, 270, 271, 272, 276, 277, 278, 280, 282, 285, 286, 287, 288, 289, 290, 292, 293, 294], "summary": {"covered_lines": 20, "num_statements": 20, "percent_covered": 100.0, "percent_covered_display": "100", "missing_lines": 0, "excluded_lines": 0, "percent_statements_covered": 100.0, "percent_statements_covered_display": "100"}, "missing_lines": [], "excluded_lines": [], "start_line": 264}, "Migrator.wait_for_sync": {"executed_lines": [299, 300, 302, 303, 304, 305, 306, 308, 309, 311, 312, 313, 314, 315, 316, 317, 318, 319, 320, 321, 324, 325, 327, 328, 329, 334, 336, 337, 339, 341, 343], "summary": {"covered_lines": 31, "num_statements": 32, "percent_covered": 96.875, "percent_covered_display": "97", "missing_lines": 1, "excluded_lines": 0, "percent_statements_covered": 96.875, "percent_statements_covered_display": "97"}, "missing_lines": [342], "excluded_lines": [], "start_line": 297}, "Migrator.get_initial_copy_progress": {"executed_lines": [348, 349, 351, 353, 358, 366, 367, 368, 369, 371, 373, 375, 378, 388, 398, 399, 400, 401, 403, 404, 406, 407, 408, 409, 410, 412, 413, 414, 415, 416, 418, 419, 421, 423, 425, 436, 438, 451, 452, 453], "summary": {"covered_lines": 40, "num_statements": 40, "percent_covered": 100.0, "percent_covered_display": "100", "missing_lines": 0, "excluded_lines": 0, "percent_statements_covered": 100.0, "percent_statements_covered_display": "100"}, "missing_lines": [], "excluded_lines": [], "start_line": 346}, "Migrator.get_replication_status": {"executed_lines": [457, 458, 461, 464, 467, 468, 470, 473, 475, 476, 479, 480, 481, 483, 485, 486, 489, 490, 491, 495, 499, 500, 503, 504, 505, 507, 509, 510, 512], "summary": {"covered_lines": 29, "num_statements": 29, "percent_covered": 100.0, "percent_covered_display": "100", "missing_lines": 0, "excluded_lines": 0, "percent_statements_covered": 100.0, "percent_statements_covered_display": "100"}, "missing_lines": [], "excluded_lines": [], "start_line": 455}, "Migrator.step10_terminate_replication": {"executed_lines": [521, 522, 525, 536, 537, 540, 541, 543, 546, 552, 553], "summary": {"covered_lines": 11, "num_statements": 14, "percent_covered": 78.57142857142857, "percent_covered_display": "79", "missing_lines": 3, "excluded_lines": 0, "percent_statements_covered": 78.57142857142857, "percent_statements_covered_display": "79"}, "missing_lines": [547, 548, 550], "excluded_lines": [], "start_line": 519}, "Migrator.setup_reverse_replication": {"executed_lines": [561, 564, 565, 566, 568, 569, 572, 573, 575, 576, 578, 580, 585, 586, 589, 590, 592, 593, 595, 599, 600, 601, 602, 605, 606, 611, 612, 617, 619, 622, 623, 624, 626, 627, 628, 631, 632, 634, 635, 636, 638, 640, 641, 642, 644, 645, 646, 647], "summary": {"covered_lines": 48, "num_statements": 51, "percent_covered": 94.11764705882354, "percent_covered_display": "94", "missing_lines": 3, "excluded_lines": 0, "percent_statements_covered": 94.11764705882354, "percent_statements_covered_display": "94"}, "missing_lines": [613, 614, 643], "excluded_lines": [], "start_line": 556}, "Migrator.cleanup_reverse_replication": {"executed_lines": [651, 652, 655, 666, 667, 670, 671, 673, 674, 676, 680, 681, 682, 683, 684, 685, 687, 690, 691, 692, 693, 694, 695, 697, 699, 700, 701, 702, 703, 704, 706, 708, 709, 710, 712, 713, 716, 718, 719, 720, 721], "summary": {"covered_lines": 41, "num_statements": 42, "percent_covered": 97.61904761904762, "percent_covered_display": "98", "missing_lines": 1, "excluded_lines": 0, "percent_statements_covered": 97.61904761904762, "percent_statements_covered_display": "98"}, "missing_lines": [717], "excluded_lines": [], "start_line": 649}, "Migrator.sync_large_objects": {"executed_lines": [729, 731, 732, 734, 735, 738, 739, 740, 741, 742, 747, 762, 763, 764, 765, 767, 768, 769, 770, 771, 774, 781, 782, 787, 789, 795, 799, 801, 802, 805, 806, 808, 809, 810, 812, 813, 815, 816, 817, 819, 822, 824, 826, 828, 829, 832, 834, 836, 837, 838, 840, 841, 842, 843, 846, 847, 850, 856, 858, 859, 860, 861, 862, 863, 864, 866, 868, 870, 872, 873, 875, 876, 877], "summary": {"covered_lines": 73, "num_statements": 75, "percent_covered": 97.33333333333333, "percent_covered_display": "97", "missing_lines": 2, "excluded_lines": 0, "percent_statements_covered": 97.33333333333333, "percent_statements_covered_display": "97"}, "missing_lines": [783, 785], "excluded_lines": [], "start_line": 723}, "": {"executed_lines": [1, 3, 4, 5, 8, 9, 15, 155, 196, 264, 297, 346, 455, 519, 556, 649, 723], "summary": {"covered_lines": 17, "num_statements": 17, "percent_covered": 100.0, "percent_covered_display": "100", "missing_lines": 0, "excluded_lines": 0, "percent_statements_covered": 100.0, "percent_statements_covered_display": "100"}, "missing_lines": [], "excluded_lines": [], "start_line": 1}}, "classes": {"Migrator": {"executed_lines": [10, 11, 12, 13, 17, 18, 19, 20, 21, 22, 24, 25, 26, 27, 28, 30, 31, 36, 37, 38, 39, 41, 42, 44, 45, 47, 49, 55, 56, 59, 60, 61, 63, 65, 66, 68, 71, 76, 77, 78, 79, 80, 82, 83, 87, 88, 89, 91, 93, 95, 96, 98, 99, 102, 103, 104, 105, 107, 108, 117, 118, 120, 121, 122, 125, 126, 127, 128, 130, 132, 134, 137, 139, 140, 142, 143, 144, 152, 157, 158, 159, 160, 161, 162, 164, 165, 166, 167, 168, 170, 171, 172, 173, 175, 177, 179, 182, 184, 185, 187, 188, 189, 190, 191, 193, 198, 199, 200, 203, 204, 205, 206, 207, 209, 222, 223, 225, 226, 227, 228, 229, 230, 231, 232, 233, 234, 237, 239, 240, 241, 243, 244, 246, 247, 248, 250, 251, 252, 254, 255, 256, 257, 258, 259, 260, 261, 262, 266, 267, 268, 270, 271, 272, 276, 277, 278, 280, 282, 285, 286, 287, 288, 289, 290, 292, 293, 294, 299, 300, 302, 303, 304, 305, 306, 308, 309, 311, 312, 313, 314, 315, 316, 317, 318, 319, 320, 321, 324, 325, 327, 328, 329, 334, 336, 337, 339, 341, 343, 348, 349, 351, 353, 358, 366, 367, 368, 369, 371, 373, 375, 378, 388, 398, 399, 400, 401, 403, 404, 406, 407, 408, 409, 410, 412, 413, 414, 415, 416, 418, 419, 421, 423, 425, 436, 438, 451, 452, 453, 457, 458, 461, 464, 467, 468, 470, 473, 475, 476, 479, 480, 481, 483, 485, 486, 489, 490, 491, 495, 499, 500, 503, 504, 505, 507, 509, 510, 512, 521, 522, 525, 536, 537, 540, 541, 543, 546, 552, 553, 561, 564, 565, 566, 568, 569, 572, 573, 575, 576, 578, 580, 585, 586, 589, 590, 592, 593, 595, 599, 600, 601, 602, 605, 606, 611, 612, 617, 619, 622, 623, 624, 626, 627, 628, 631, 632, 634, 635, 636, 638, 640, 641, 642, 644, 645, 646, 647, 651, 652, 655, 666, 667, 670, 671, 673, 674, 676, 680, 681, 682, 683, 684, 685, 687, 690, 691, 692, 693, 694, 695, 697, 699, 700, 701, 702, 703, 704, 706, 708, 709, 710, 712, 713, 716, 718, 719, 720, 721, 729, 731, 732, 734, 735, 738, 739, 740, 741, 742, 747, 762, 763, 764, 765, 767, 768, 769, 770, 771, 774, 781, 782, 787, 789, 795, 799, 801, 802, 805, 806, 808, 809, 810, 812, 813, 815, 816, 817, 819, 822, 824, 826, 828, 829, 832, 834, 836, 837, 838, 840, 841, 842, 843, 846, 847, 850, 856, 858, 859, 860, 861, 862, 863, 864, 866, 868, 870, 872, 873, 875, 876, 877], "summary": {"covered_lines": 440, "num_statements": 460, "percent_covered": 95.65217391304348, "percent_covered_display": "96", "missing_lines": 20, "excluded_lines": 0, "percent_statements_covered": 95.65217391304348, "percent_statements_covered_display": "96"}, "missing_lines": [50, 51, 110, 112, 115, 145, 146, 147, 148, 150, 342, 547, 548, 550, 613, 614, 643, 717, 783, 785], "excluded_lines": [], "start_line": 8}, "": {"executed_lines": [1, 3, 4, 5, 8, 9, 15, 155, 196, 264, 297, 346, 455, 519, 556, 649, 723], "summary": {"covered_lines": 17, "num_statements": 17, "percent_covered": 100.0, "percent_covered_display": "100", "missing_lines": 0, "excluded_lines": 0, "percent_statements_covered": 100.0, "percent_statements_covered_display": "100"}, "missing_lines": [], "excluded_lines": [], "start_line": 1}}}, "src/post_sync.py": {"executed_lines": [1, 4, 5, 6, 7, 8, 10, 11, 12, 13, 14, 15, 16, 17, 19, 20, 21, 22, 30, 31, 32, 33, 34, 35, 36, 37, 38, 39, 40, 41, 42, 43, 44, 45, 46, 48, 49, 50, 51, 59, 60, 61, 62, 63, 64, 65, 66, 67, 69, 70, 71, 72, 74, 75, 76, 77, 78, 79, 80, 81, 83, 86, 87, 88, 89, 97, 98, 99, 100, 101, 102, 103, 104, 105, 106, 107, 108, 109, 110, 111, 112, 113, 115, 116, 117, 118, 126, 127, 128, 129, 130, 131, 132, 133, 134, 135, 136, 137, 138, 139, 140, 141, 142, 144, 145, 146, 147, 148, 149, 150, 151, 152, 153, 155, 157, 159, 160, 161, 162, 165, 166, 168, 169, 170, 171, 173, 174, 175, 176, 179, 187, 188, 189, 190, 191, 192, 194, 195, 196, 197, 200, 208, 209, 210, 211, 214, 218, 219, 220, 221, 224, 232, 233, 234, 235, 238, 242, 243, 244, 245, 248, 256, 257, 258, 259, 262, 266, 267, 268, 269, 272, 280, 281, 282, 283, 286, 290, 291, 292, 293, 296, 306, 307, 308, 309, 310, 314, 318, 319, 320, 321, 324, 333, 334, 335, 336, 339, 343, 344, 345, 346, 348, 349, 350, 351, 353], "summary": {"covered_lines": 206, "num_statements": 207, "percent_covered": 99.51690821256038, "percent_covered_display": "99", "missing_lines": 1, "excluded_lines": 0, "percent_statements_covered": 99.51690821256038, "percent_statements_covered_display": "99"}, "missing_lines": [84], "excluded_lines": [], "functions": {"PostSync.__init__": {"executed_lines": [6, 7, 8], "summary": {"covered_lines": 3, "num_statements": 3, "percent_covered": 100.0, "percent_covered_display": "100", "missing_lines": 0, "excluded_lines": 0, "percent_statements_covered": 100.0, "percent_statements_covered_display": "100"}, "missing_lines": [], "excluded_lines": [], "start_line": 5}, "PostSync._get_schema_filter": {"executed_lines": [11, 12, 13, 14, 15, 16, 17], "summary": {"covered_lines": 7, "num_statements": 7, "percent_covered": 100.0, "percent_covered_display": "100", "missing_lines": 0, "excluded_lines": 0, "percent_statements_covered": 100.0, "percent_statements_covered_display": "100"}, "missing_lines": [], "excluded_lines": [], "start_line": 10}, "PostSync.refresh_materialized_views": {"executed_lines": [20, 21, 22, 30, 31, 32, 33, 34, 35, 36, 37, 38, 39, 40, 41, 42, 43, 44, 45, 46], "summary": {"covered_lines": 20, "num_statements": 20, "percent_covered": 100.0, "percent_covered_display": "100", "missing_lines": 0, "excluded_lines": 0, "percent_statements_covered": 100.0, "percent_statements_covered_display": "100"}, "missing_lines": [], "excluded_lines": [], "start_line": 19}, "PostSync.sync_sequences": {"executed_lines": [49, 50, 51, 59, 60, 61, 62, 63, 64, 65, 66, 67, 69, 70, 71, 72, 74, 75, 76, 77, 78, 79, 80, 81], "summary": {"covered_lines": 24, "num_statements": 24, "percent_covered": 100.0, "percent_covered_display": "100", "missing_lines": 0, "excluded_lines": 0, "percent_statements_covered": 100.0, "percent_statements_covered_display": "100"}, "missing_lines": [], "excluded_lines": [], "start_line": 48}, "PostSync.activate_sequences": {"executed_lines": [], "summary": {"covered_lines": 0, "num_statements": 1, "percent_covered": 0.0, "percent_covered_display": "0", "missing_lines": 1, "excluded_lines": 0, "percent_statements_covered": 0.0, "percent_statements_covered_display": "0"}, "missing_lines": [84], "excluded_lines": [], "start_line": 83}, "PostSync.enable_triggers": {"executed_lines": [87, 88, 89, 97, 98, 99, 100, 101, 102, 103, 104, 105, 106, 107, 108, 109, 110, 111, 112, 113], "summary": {"covered_lines": 20, "num_statements": 20, "percent_covered": 100.0, "percent_covered_display": "100", "missing_lines": 0, "excluded_lines": 0, "percent_statements_covered": 100.0, "percent_statements_covered_display": "100"}, "missing_lines": [], "excluded_lines": [], "start_line": 86}, "PostSync.disable_triggers": {"executed_lines": [116, 117, 118, 126, 127, 128, 129, 130, 131, 132, 133, 134, 135, 136, 137, 138, 139, 140, 141, 142], "summary": {"covered_lines": 20, "num_statements": 20, "percent_covered": 100.0, "percent_covered_display": "100", "missing_lines": 0, "excluded_lines": 0, "percent_statements_covered": 100.0, "percent_statements_covered_display": "100"}, "missing_lines": [], "excluded_lines": [], "start_line": 115}, "PostSync._apply_reassign": {"executed_lines": [145, 146, 147, 148, 149, 150, 151, 152, 153], "summary": {"covered_lines": 9, "num_statements": 9, "percent_covered": 100.0, "percent_covered_display": "100", "missing_lines": 0, "excluded_lines": 0, "percent_statements_covered": 100.0, "percent_statements_covered_display": "100"}, "missing_lines": [], "excluded_lines": [], "start_line": 144}, "PostSync.reassign_ownership": {"executed_lines": [157, 159, 160, 161, 162, 165, 166, 168, 169, 170, 171, 173, 174, 175, 176, 179, 187, 188, 189, 190, 191, 192, 194, 195, 196, 197, 200, 208, 209, 210, 211, 214, 218, 219, 220, 221, 224, 232, 233, 234, 235, 238, 242, 243, 244, 245, 248, 256, 257, 258, 259, 262, 266, 267, 268, 269, 272, 280, 281, 282, 283, 286, 290, 291, 292, 293, 296, 306, 307, 308, 309, 310, 314, 318, 319, 320, 321, 324, 333, 334, 335, 336, 339, 343, 344, 345, 346, 348, 349, 350, 351, 353], "summary": {"covered_lines": 92, "num_statements": 92, "percent_covered": 100.0, "percent_covered_display": "100", "missing_lines": 0, "excluded_lines": 0, "percent_statements_covered": 100.0, "percent_statements_covered_display": "100"}, "missing_lines": [], "excluded_lines": [], "start_line": 155}, "": {"executed_lines": [1, 4, 5, 10, 19, 48, 83, 86, 115, 144, 155], "summary": {"covered_lines": 11, "num_statements": 11, "percent_covered": 100.0, "percent_covered_display": "100", "missing_lines": 0, "excluded_lines": 0, "percent_statements_covered": 100.0, "percent_statements_covered_display": "100"}, "missing_lines": [], "excluded_lines": [], "start_line": 1}}, "classes": {"PostSync": {"executed_lines": [6, 7, 8, 11, 12, 13, 14, 15, 16, 17, 20, 21, 22, 30, 31, 32, 33, 34, 35, 36, 37, 38, 39, 40, 41, 42, 43, 44, 45, 46, 49, 50, 51, 59, 60, 61, 62, 63, 64, 65, 66, 67, 69, 70, 71, 72, 74, 75, 76, 77, 78, 79, 80, 81, 87, 88, 89, 97, 98, 99, 100, 101, 102, 103, 104, 105, 106, 107, 108, 109, 110, 111, 112, 113, 116, 117, 118, 126, 127, 128, 129, 130, 131, 132, 133, 134, 135, 136, 137, 138, 139, 140, 141, 142, 145, 146, 147, 148, 149, 150, 151, 152, 153, 157, 159, 160, 161, 162, 165, 166, 168, 169, 170, 171, 173, 174, 175, 176, 179, 187, 188, 189, 190, 191, 192, 194, 195, 196, 197, 200, 208, 209, 210, 211, 214, 218, 219, 220, 221, 224, 232, 233, 234, 235, 238, 242, 243, 244, 245, 248, 256, 257, 258, 259, 262, 266, 267, 268, 269, 272, 280, 281, 282, 283, 286, 290, 291, 292, 293, 296, 306, 307, 308, 309, 310, 314, 318, 319, 320, 321, 324, 333, 334, 335, 336, 339, 343, 344, 345, 346, 348, 349, 350, 351, 353], "summary": {"covered_lines": 195, "num_statements": 196, "percent_covered": 99.48979591836735, "percent_covered_display": "99", "missing_lines": 1, "excluded_lines": 0, "percent_statements_covered": 99.48979591836735, "percent_statements_covered_display": "99"}, "missing_lines": [84], "excluded_lines": [], "start_line": 4}, "": {"executed_lines": [1, 4, 5, 10, 19, 48, 83, 86, 115, 144, 155], "summary": {"covered_lines": 11, "num_statements": 11, "percent_covered": 100.0, "percent_covered_display": "100", "missing_lines": 0, "excluded_lines": 0, "percent_statements_covered": 100.0, "percent_statements_covered_display": "100"}, "missing_lines": [], "excluded_lines": [], "start_line": 1}}}, "src/report_generator.py": {"executed_lines": [1, 2, 3, 6, 7, 8, 9, 10, 12, 14, 25, 26, 222, 223, 229, 233, 234, 235], "summary": {"covered_lines": 18, "num_statements": 18, "percent_covered": 100.0, "percent_covered_display": "100", "missing_lines": 0, "excluded_lines": 0, "percent_statements_covered": 100.0, "percent_statements_covered_display": "100"}, "missing_lines": [], "excluded_lines": [], "functions": {"ReportGenerator.__init__": {"executed_lines": [8, 9, 10], "summary": {"covered_lines": 3, "num_statements": 3, "percent_covered": 100.0, "percent_covered_display": "100", "missing_lines": 0, "excluded_lines": 0, "percent_statements_covered": 100.0, "percent_statements_covered_display": "100"}, "missing_lines": [], "excluded_lines": [], "start_line": 7}, "ReportGenerator.add_step": {"executed_lines": [14], "summary": {"covered_lines": 1, "num_statements": 1, "percent_covered": 100.0, "percent_covered_display": "100", "missing_lines": 0, "excluded_lines": 0, "percent_statements_covered": 100.0, "percent_statements_covered_display": "100"}, "missing_lines": [], "excluded_lines": [], "start_line": 12}, "ReportGenerator.generate_html": {"executed_lines": [26, 222, 223, 229, 233, 234, 235], "summary": {"covered_lines": 7, "num_statements": 7, "percent_covered": 100.0, "percent_covered_display": "100", "missing_lines": 0, "excluded_lines": 0, "percent_statements_covered": 100.0, "percent_statements_covered_display": "100"}, "missing_lines": [], "excluded_lines": [], "start_line": 25}, "": {"executed_lines": [1, 2, 3, 6, 7, 12, 25], "summary": {"covered_lines": 7, "num_statements": 7, "percent_covered": 100.0, "percent_covered_display": "100", "missing_lines": 0, "excluded_lines": 0, "percent_statements_covered": 100.0, "percent_statements_covered_display": "100"}, "missing_lines": [], "excluded_lines": [], "start_line": 1}}, "classes": {"ReportGenerator": {"executed_lines": [8, 9, 10, 14, 26, 222, 223, 229, 233, 234, 235], "summary": {"covered_lines": 11, "num_statements": 11, "percent_covered": 100.0, "percent_covered_display": "100", "missing_lines": 0, "excluded_lines": 0, "percent_statements_covered": 100.0, "percent_statements_covered_display": "100"}, "missing_lines": [], "excluded_lines": [], "start_line": 6}, "": {"executed_lines": [1, 2, 3, 6, 7, 12, 25], "summary": {"covered_lines": 7, "num_statements": 7, "percent_covered": 100.0, "percent_covered_display": "100", "missing_lines": 0, "excluded_lines": 0, "percent_statements_covered": 100.0, "percent_statements_covered_display": "100"}, "missing_lines": [], "excluded_lines": [], "start_line": 1}}}, "src/tui.py": {"executed_lines": [1, 2, 3, 4, 5, 6, 7, 8, 10, 11, 12, 13, 14, 15, 18, 21, 22, 24, 25, 28, 29, 105, 106, 107, 108, 110, 112, 116, 117, 121, 125, 127, 128, 129, 130, 131, 132, 133, 134, 135, 136, 138, 139, 140, 141, 142, 143, 144, 145, 146, 147, 148, 149, 150, 151, 152, 153, 154, 155, 156, 157, 158, 159, 160, 161, 162, 163, 164, 165, 166, 167, 168, 169, 171, 172, 174, 175, 176, 178, 180, 181, 182, 183, 184, 185, 191, 193, 194, 195, 196, 197, 199, 200, 201, 202, 204, 205, 206, 207, 209, 210, 211, 212, 215, 221, 222, 224, 225, 226, 227, 228, 231, 233, 235, 237, 238, 239, 240, 241, 242, 243, 244, 245, 246, 247, 251, 253, 254, 255, 257, 264, 265, 266, 268, 269, 274, 276, 277, 278, 279, 285, 286, 287, 288, 289, 290, 292, 294, 295, 298, 302, 312, 313, 314, 321, 325, 333, 334, 335, 336, 337, 338, 339, 340, 341, 345, 347, 348, 349, 351, 352, 353, 354, 355, 356, 357, 359, 361, 362, 364, 365, 368, 369, 375, 376, 382, 383, 384, 385, 386, 387, 394, 395, 403, 404, 405, 406, 412, 413, 414, 415, 416, 417, 418, 425, 426, 434, 435, 436, 437, 443, 445, 447, 449, 451, 453, 457, 459, 461, 462, 464, 466, 468, 470, 472, 474, 477, 481, 483, 485, 487, 501, 502, 511, 512, 513, 514, 515, 516, 517, 520], "summary": {"covered_lines": 241, "num_statements": 256, "percent_covered": 94.140625, "percent_covered_display": "94", "missing_lines": 15, "excluded_lines": 0, "percent_statements_covered": 94.140625, "percent_statements_covered_display": "94"}, "missing_lines": [296, 299, 300, 303, 304, 309, 310, 322, 323, 326, 327, 488, 492, 494, 521], "excluded_lines": [], "functions": {"HistoryItem.__init__": {"executed_lines": [22, 24, 25], "summary": {"covered_lines": 3, "num_statements": 3, "percent_covered": 100.0, "percent_covered_display": "100", "missing_lines": 0, "excluded_lines": 0, "percent_statements_covered": 100.0, "percent_statements_covered_display": "100"}, "missing_lines": [], "excluded_lines": [], "start_line": 21}, "MigratorApp.__init__": {"executed_lines": [106, 107, 108, 110, 112, 116, 117, 121, 125], "summary": {"covered_lines": 9, "num_statements": 9, "percent_covered": 100.0, "percent_covered_display": "100", "missing_lines": 0, "excluded_lines": 0, "percent_statements_covered": 100.0, "percent_statements_covered_display": "100"}, "missing_lines": [], "excluded_lines": [], "start_line": 105}, "MigratorApp.compose": {"executed_lines": [128, 129, 130, 131, 132, 133, 134, 135, 136, 138, 139, 140, 141, 142, 143, 144, 145, 146, 147, 148, 149, 150, 151, 152, 153, 154, 155, 156, 157, 158, 159, 160, 161, 162, 163, 164, 165, 166, 167, 168, 169, 171, 172, 174, 175, 176, 178], "summary": {"covered_lines": 47, "num_statements": 47, "percent_covered": 100.0, "percent_covered_display": "100", "missing_lines": 0, "excluded_lines": 0, "percent_statements_covered": 100.0, "percent_statements_covered_display": "100"}, "missing_lines": [], "excluded_lines": [], "start_line": 127}, "MigratorApp.on_mount": {"executed_lines": [181, 182, 183, 184, 185], "summary": {"covered_lines": 5, "num_statements": 5, "percent_covered": 100.0, "percent_covered_display": "100", "missing_lines": 0, "excluded_lines": 0, "percent_statements_covered": 100.0, "percent_statements_covered_display": "100"}, "missing_lines": [], "excluded_lines": [], "start_line": 180}, "MigratorApp.update_display": {"executed_lines": [193, 194, 195, 196, 197], "summary": {"covered_lines": 5, "num_statements": 5, "percent_covered": 100.0, "percent_covered_display": "100", "missing_lines": 0, "excluded_lines": 0, "percent_statements_covered": 100.0, "percent_statements_covered_display": "100"}, "missing_lines": [], "excluded_lines": [], "start_line": 191}, "MigratorApp.recall_history": {"executed_lines": [201, 202], "summary": {"covered_lines": 2, "num_statements": 2, "percent_covered": 100.0, "percent_covered_display": "100", "missing_lines": 0, "excluded_lines": 0, "percent_statements_covered": 100.0, "percent_statements_covered_display": "100"}, "missing_lines": [], "excluded_lines": [], "start_line": 200}, "MigratorApp.handle_buttons": {"executed_lines": [206, 207, 209, 210, 211, 212, 215, 221, 222, 224, 225, 226, 227, 228, 231, 233, 235, 237, 238, 239, 240, 241, 242, 243, 244, 245, 246, 247, 251, 253, 254, 255, 257, 264, 265, 266, 268, 269, 274, 276, 277, 278, 279, 285, 286, 287, 288, 289, 290, 292, 294, 295, 298, 302, 312, 313, 314, 321, 325, 333, 334, 335, 336, 337, 338, 339, 340, 341, 345, 347, 348, 349, 351, 352, 353, 354, 355, 356, 357, 359, 361, 362, 364, 365, 368, 369, 375, 376], "summary": {"covered_lines": 88, "num_statements": 99, "percent_covered": 88.88888888888889, "percent_covered_display": "89", "missing_lines": 11, "excluded_lines": 0, "percent_statements_covered": 88.88888888888889, "percent_statements_covered_display": "89"}, "missing_lines": [296, 299, 300, 303, 304, 309, 310, 322, 323, 326, 327], "excluded_lines": [], "start_line": 205}, "MigratorApp._run_sub_async": {"executed_lines": [384, 385, 386, 387, 394, 395], "summary": {"covered_lines": 6, "num_statements": 6, "percent_covered": 100.0, "percent_covered_display": "100", "missing_lines": 0, "excluded_lines": 0, "percent_statements_covered": 100.0, "percent_statements_covered_display": "100"}, "missing_lines": [], "excluded_lines": [], "start_line": 383}, "MigratorApp._run_init_pipeline": {"executed_lines": [405, 406, 412, 413, 414, 415, 416, 417, 418, 425, 426], "summary": {"covered_lines": 11, "num_statements": 11, "percent_covered": 100.0, "percent_covered_display": "100", "missing_lines": 0, "excluded_lines": 0, "percent_statements_covered": 100.0, "percent_statements_covered_display": "100"}, "missing_lines": [], "excluded_lines": [], "start_line": 404}, "MigratorApp._run_post_pipeline": {"executed_lines": [436, 437, 443, 445, 447, 449, 451, 453, 457, 459, 461, 462, 464, 466, 468, 470, 472, 474, 477, 481, 483, 485, 487, 501, 502], "summary": {"covered_lines": 25, "num_statements": 28, "percent_covered": 89.28571428571429, "percent_covered_display": "89", "missing_lines": 3, "excluded_lines": 0, "percent_statements_covered": 89.28571428571429, "percent_statements_covered_display": "89"}, "missing_lines": [488, 492, 494], "excluded_lines": [], "start_line": 435}, "main": {"executed_lines": [512, 513, 514, 515, 516, 517], "summary": {"covered_lines": 6, "num_statements": 6, "percent_covered": 100.0, "percent_covered_display": "100", "missing_lines": 0, "excluded_lines": 0, "percent_statements_covered": 100.0, "percent_statements_covered_display": "100"}, "missing_lines": [], "excluded_lines": [], "start_line": 511}, "": {"executed_lines": [1, 2, 3, 4, 5, 6, 7, 8, 10, 11, 12, 13, 14, 15, 18, 21, 28, 29, 105, 127, 180, 191, 199, 200, 204, 205, 382, 383, 403, 404, 434, 435, 511, 520], "summary": {"covered_lines": 34, "num_statements": 35, "percent_covered": 97.14285714285714, "percent_covered_display": "97", "missing_lines": 1, "excluded_lines": 0, "percent_statements_covered": 97.14285714285714, "percent_statements_covered_display": "97"}, "missing_lines": [521], "excluded_lines": [], "start_line": 1}}, "classes": {"HistoryItem": {"executed_lines": [22, 24, 25], "summary": {"covered_lines": 3, "num_statements": 3, "percent_covered": 100.0, "percent_covered_display": "100", "missing_lines": 0, "excluded_lines": 0, "percent_statements_covered": 100.0, "percent_statements_covered_display": "100"}, "missing_lines": [], "excluded_lines": [], "start_line": 18}, "MigratorApp": {"executed_lines": [106, 107, 108, 110, 112, 116, 117, 121, 125, 128, 129, 130, 131, 132, 133, 134, 135, 136, 138, 139, 140, 141, 142, 143, 144, 145, 146, 147, 148, 149, 150, 151, 152, 153, 154, 155, 156, 157, 158, 159, 160, 161, 162, 163, 164, 165, 166, 167, 168, 169, 171, 172, 174, 175, 176, 178, 181, 182, 183, 184, 185, 193, 194, 195, 196, 197, 201, 202, 206, 207, 209, 210, 211, 212, 215, 221, 222, 224, 225, 226, 227, 228, 231, 233, 235, 237, 238, 239, 240, 241, 242, 243, 244, 245, 246, 247, 251, 253, 254, 255, 257, 264, 265, 266, 268, 269, 274, 276, 277, 278, 279, 285, 286, 287, 288, 289, 290, 292, 294, 295, 298, 302, 312, 313, 314, 321, 325, 333, 334, 335, 336, 337, 338, 339, 340, 341, 345, 347, 348, 349, 351, 352, 353, 354, 355, 356, 357, 359, 361, 362, 364, 365, 368, 369, 375, 376, 384, 385, 386, 387, 394, 395, 405, 406, 412, 413, 414, 415, 416, 417, 418, 425, 426, 436, 437, 443, 445, 447, 449, 451, 453, 457, 459, 461, 462, 464, 466, 468, 470, 472, 474, 477, 481, 483, 485, 487, 501, 502], "summary": {"covered_lines": 198, "num_statements": 212, "percent_covered": 93.39622641509433, "percent_covered_display": "93", "missing_lines": 14, "excluded_lines": 0, "percent_statements_covered": 93.39622641509433, "percent_statements_covered_display": "93"}, "missing_lines": [296, 299, 300, 303, 304, 309, 310, 322, 323, 326, 327, 488, 492, 494], "excluded_lines": [], "start_line": 28}, "": {"executed_lines": [1, 2, 3, 4, 5, 6, 7, 8, 10, 11, 12, 13, 14, 15, 18, 21, 28, 29, 105, 127, 180, 191, 199, 200, 204, 205, 382, 383, 403, 404, 434, 435, 511, 512, 513, 514, 515, 516, 517, 520], "summary": {"covered_lines": 40, "num_statements": 41, "percent_covered": 97.5609756097561, "percent_covered_display": "98", "missing_lines": 1, "excluded_lines": 0, "percent_statements_covered": 97.5609756097561, "percent_statements_covered_display": "98"}, "missing_lines": [521], "excluded_lines": [], "start_line": 1}}}, "src/validation.py": {"executed_lines": [1, 4, 5, 6, 7, 8, 10, 11, 12, 19, 21, 22, 25, 27, 28, 38, 47, 48, 49, 51, 52, 53, 54, 57, 58, 61, 63, 64, 65, 66, 67, 69, 76, 79, 80, 81, 82, 83, 84, 85, 86, 87, 88, 89, 90, 91, 92, 94, 116, 121, 123, 125, 127, 128, 129, 150, 151, 153, 154, 156, 157, 158, 159, 160, 167], "summary": {"covered_lines": 65, "num_statements": 77, "percent_covered": 84.41558441558442, "percent_covered_display": "84", "missing_lines": 12, "excluded_lines": 0, "percent_statements_covered": 84.41558441558442, "percent_statements_covered_display": "84"}, "missing_lines": [13, 14, 15, 16, 17, 101, 102, 104, 105, 112, 113, 114], "excluded_lines": [], "functions": {"Validator.__init__": {"executed_lines": [6, 7, 8], "summary": {"covered_lines": 3, "num_statements": 3, "percent_covered": 100.0, "percent_covered_display": "100", "missing_lines": 0, "excluded_lines": 0, "percent_statements_covered": 100.0, "percent_statements_covered_display": "100"}, "missing_lines": [], "excluded_lines": [], "start_line": 5}, "Validator._get_schema_filter": {"executed_lines": [11, 12], "summary": {"covered_lines": 2, "num_statements": 7, "percent_covered": 28.571428571428573, "percent_covered_display": "29", "missing_lines": 5, "excluded_lines": 0, "percent_statements_covered": 28.571428571428573, "percent_statements_covered_display": "29"}, "missing_lines": [13, 14, 15, 16, 17], "excluded_lines": [], "start_line": 10}, "Validator.compare_row_counts": {"executed_lines": [21, 22, 25, 27, 28, 38, 47, 48, 49, 51, 52, 53, 54, 57, 58, 61, 63, 64, 65, 66, 67, 69, 76, 79, 80, 81, 82, 83, 84, 85, 86, 87, 88, 89, 90, 91, 92, 94, 116, 121], "summary": {"covered_lines": 40, "num_statements": 47, "percent_covered": 85.1063829787234, "percent_covered_display": "85", "missing_lines": 7, "excluded_lines": 0, "percent_statements_covered": 85.1063829787234, "percent_statements_covered_display": "85"}, "missing_lines": [101, 102, 104, 105, 112, 113, 114], "excluded_lines": [], "start_line": 19}, "Validator.audit_objects": {"executed_lines": [125, 127, 128, 129, 150, 151, 153, 154, 156, 157, 158, 159, 160, 167], "summary": {"covered_lines": 14, "num_statements": 14, "percent_covered": 100.0, "percent_covered_display": "100", "missing_lines": 0, "excluded_lines": 0, "percent_statements_covered": 100.0, "percent_statements_covered_display": "100"}, "missing_lines": [], "excluded_lines": [], "start_line": 123}, "": {"executed_lines": [1, 4, 5, 10, 19, 123], "summary": {"covered_lines": 6, "num_statements": 6, "percent_covered": 100.0, "percent_covered_display": "100", "missing_lines": 0, "excluded_lines": 0, "percent_statements_covered": 100.0, "percent_statements_covered_display": "100"}, "missing_lines": [], "excluded_lines": [], "start_line": 1}}, "classes": {"Validator": {"executed_lines": [6, 7, 8, 11, 12, 21, 22, 25, 27, 28, 38, 47, 48, 49, 51, 52, 53, 54, 57, 58, 61, 63, 64, 65, 66, 67, 69, 76, 79, 80, 81, 82, 83, 84, 85, 86, 87, 88, 89, 90, 91, 92, 94, 116, 121, 125, 127, 128, 129, 150, 151, 153, 154, 156, 157, 158, 159, 160, 167], "summary": {"covered_lines": 59, "num_statements": 71, "percent_covered": 83.09859154929578, "percent_covered_display": "83", "missing_lines": 12, "excluded_lines": 0, "percent_statements_covered": 83.09859154929578, "percent_statements_covered_display": "83"}, "missing_lines": [13, 14, 15, 16, 17, 101, 102, 104, 105, 112, 113, 114], "excluded_lines": [], "start_line": 4}, "": {"executed_lines": [1, 4, 5, 10, 19, 123], "summary": {"covered_lines": 6, "num_statements": 6, "percent_covered": 100.0, "percent_covered_display": "100", "missing_lines": 0, "excluded_lines": 0, "percent_statements_covered": 100.0, "percent_statements_covered_display": "100"}, "missing_lines": [], "excluded_lines": [], "start_line": 1}}}}, "totals": {"covered_lines": 1836, "num_statements": 1907, "percent_covered": 96.27687467226009, "percent_covered_display": "96", "missing_lines": 71, "excluded_lines": 0, "percent_statements_covered": 96.27687467226009, "percent_statements_covered_display": "96"}}